Performing C SOURCE FILE Test CMAKE_HAVE_LIBC_PTHREAD failed with the following output:
Change Dir: /home/hnu/hnu/robot/gz_robot/src/slam_gmapping-melodic-devel/slam_gmapping/.obj-x86_64-linux-gnu/CMakeFiles/CMakeTmp

Run Build Command(s):/usr/bin/make cmTC_0a91c/fast && make[2]: 进入目录“/home/hnu/hnu/robot/gz_robot/src/slam_gmapping-melodic-devel/slam_gmapping/.obj-x86_64-linux-gnu/CMakeFiles/CMakeTmp”
/usr/bin/make -f CMakeFiles/cmTC_0a91c.dir/build.make CMakeFiles/cmTC_0a91c.dir/build
make[3]: 进入目录“/home/hnu/hnu/robot/gz_robot/src/slam_gmapping-melodic-devel/slam_gmapping/.obj-x86_64-linux-gnu/CMakeFiles/CMakeTmp”
Building C object CMakeFiles/cmTC_0a91c.dir/src.c.o
/usr/bin/cc   -g -O2 -fdebug-prefix-map=/home/hnu/hnu/robot/gz_robot/src/slam_gmapping-melodic-devel/slam_gmapping=. -fstack-protector-strong -Wformat -Werror=format-security -Wdate-time -D_FORTIFY_SOURCE=2 -DCMAKE_HAVE_LIBC_PTHREAD   -o CMakeFiles/cmTC_0a91c.dir/src.c.o   -c /home/hnu/hnu/robot/gz_robot/src/slam_gmapping-melodic-devel/slam_gmapping/.obj-x86_64-linux-gnu/CMakeFiles/CMakeTmp/src.c
Linking C executable cmTC_0a91c
/usr/bin/cmake -E cmake_link_script CMakeFiles/cmTC_0a91c.dir/link.txt --verbose=1
/usr/bin/cc -g -O2 -fdebug-prefix-map=/home/hnu/hnu/robot/gz_robot/src/slam_gmapping-melodic-devel/slam_gmapping=. -fstack-protector-strong -Wformat -Werror=format-security -Wdate-time -D_FORTIFY_SOURCE=2 -DCMAKE_HAVE_LIBC_PTHREAD    -rdynamic CMakeFiles/cmTC_0a91c.dir/src.c.o  -o cmTC_0a91c 
/usr/bin/ld: CMakeFiles/cmTC_0a91c.dir/src.c.o: in function `main':
./.obj-x86_64-linux-gnu/CMakeFiles/CMakeTmp/./.obj-x86_64-linux-gnu/CMakeFiles/CMakeTmp/src.c:11: undefined reference to `pthread_create'
/usr/bin/ld: ./.obj-x86_64-linux-gnu/CMakeFiles/CMakeTmp/./.obj-x86_64-linux-gnu/CMakeFiles/CMakeTmp/src.c:12: undefined reference to `pthread_detach'
/usr/bin/ld: ./.obj-x86_64-linux-gnu/CMakeFiles/CMakeTmp/./.obj-x86_64-linux-gnu/CMakeFiles/CMakeTmp/src.c:13: undefined reference to `pthread_join'
collect2: error: ld returned 1 exit status
make[3]: *** [CMakeFiles/cmTC_0a91c.dir/build.make:87：cmTC_0a91c] 错误 1
make[3]: 离开目录“/home/hnu/hnu/robot/gz_robot/src/slam_gmapping-melodic-devel/slam_gmapping/.obj-x86_64-linux-gnu/CMakeFiles/CMakeTmp”
make[2]: *** [Makefile:121：cmTC_0a91c/fast] 错误 2
make[2]: 离开目录“/home/hnu/hnu/robot/gz_robot/src/slam_gmapping-melodic-devel/slam_gmapping/.obj-x86_64-linux-gnu/CMakeFiles/CMakeTmp”


Source file was:
#include <pthread.h>

void* test_func(void* data)
{
  return data;
}

int main(void)
{
  pthread_t thread;
  pthread_create(&thread, NULL, test_func, NULL);
  pthread_detach(thread);
  pthread_join(thread, NULL);
  pthread_atfork(NULL, NULL, NULL);
  pthread_exit(NULL);

  return 0;
}

Determining if the function pthread_create exists in the pthreads failed with the following output:
Change Dir: /home/hnu/hnu/robot/gz_robot/src/slam_gmapping-melodic-devel/slam_gmapping/.obj-x86_64-linux-gnu/CMakeFiles/CMakeTmp

Run Build Command(s):/usr/bin/make cmTC_38710/fast && make[2]: 进入目录“/home/hnu/hnu/robot/gz_robot/src/slam_gmapping-melodic-devel/slam_gmapping/.obj-x86_64-linux-gnu/CMakeFiles/CMakeTmp”
/usr/bin/make -f CMakeFiles/cmTC_38710.dir/build.make CMakeFiles/cmTC_38710.dir/build
make[3]: 进入目录“/home/hnu/hnu/robot/gz_robot/src/slam_gmapping-melodic-devel/slam_gmapping/.obj-x86_64-linux-gnu/CMakeFiles/CMakeTmp”
Building C object CMakeFiles/cmTC_38710.dir/CheckFunctionExists.c.o
/usr/bin/cc   -g -O2 -fdebug-prefix-map=/home/hnu/hnu/robot/gz_robot/src/slam_gmapping-melodic-devel/slam_gmapping=. -fstack-protector-strong -Wformat -Werror=format-security -Wdate-time -D_FORTIFY_SOURCE=2 -DCHECK_FUNCTION_EXISTS=pthread_create   -o CMakeFiles/cmTC_38710.dir/CheckFunctionExists.c.o   -c /usr/share/cmake-3.16/Modules/CheckFunctionExists.c
Linking C executable cmTC_38710
/usr/bin/cmake -E cmake_link_script CMakeFiles/cmTC_38710.dir/link.txt --verbose=1
/usr/bin/cc -g -O2 -fdebug-prefix-map=/home/hnu/hnu/robot/gz_robot/src/slam_gmapping-melodic-devel/slam_gmapping=. -fstack-protector-strong -Wformat -Werror=format-security -Wdate-time -D_FORTIFY_SOURCE=2 -DCHECK_FUNCTION_EXISTS=pthread_create    -rdynamic CMakeFiles/cmTC_38710.dir/CheckFunctionExists.c.o  -o cmTC_38710  -lpthreads 
/usr/bin/ld: 找不到 -lpthreads
collect2: error: ld returned 1 exit status
make[3]: *** [CMakeFiles/cmTC_38710.dir/build.make:87：cmTC_38710] 错误 1
make[3]: 离开目录“/home/hnu/hnu/robot/gz_robot/src/slam_gmapping-melodic-devel/slam_gmapping/.obj-x86_64-linux-gnu/CMakeFiles/CMakeTmp”
make[2]: *** [Makefile:121：cmTC_38710/fast] 错误 2
make[2]: 离开目录“/home/hnu/hnu/robot/gz_robot/src/slam_gmapping-melodic-devel/slam_gmapping/.obj-x86_64-linux-gnu/CMakeFiles/CMakeTmp”



