Performing C SOURCE FILE Test CMAKE_HAVE_LIBC_PTHREAD failed with the following output:
Change Dir: /home/hnu/hnu/robot/gz_robot/src/robot_voice/.obj-x86_64-linux-gnu/CMakeFiles/CMakeTmp

Run Build Command(s):/usr/bin/make cmTC_9372d/fast && make[2]: 进入目录“/home/hnu/hnu/robot/gz_robot/src/robot_voice/.obj-x86_64-linux-gnu/CMakeFiles/CMakeTmp”
/usr/bin/make -f CMakeFiles/cmTC_9372d.dir/build.make CMakeFiles/cmTC_9372d.dir/build
make[3]: 进入目录“/home/hnu/hnu/robot/gz_robot/src/robot_voice/.obj-x86_64-linux-gnu/CMakeFiles/CMakeTmp”
Building C object CMakeFiles/cmTC_9372d.dir/src.c.o
/usr/bin/cc   -g -O2 -fdebug-prefix-map=/home/hnu/hnu/robot/gz_robot/src/robot_voice=. -fstack-protector-strong -Wformat -Werror=format-security -Wdate-time -D_FORTIFY_SOURCE=2 -DCMAKE_HAVE_LIBC_PTHREAD   -o CMakeFiles/cmTC_9372d.dir/src.c.o   -c /home/hnu/hnu/robot/gz_robot/src/robot_voice/.obj-x86_64-linux-gnu/CMakeFiles/CMakeTmp/src.c
Linking C executable cmTC_9372d
/usr/bin/cmake -E cmake_link_script CMakeFiles/cmTC_9372d.dir/link.txt --verbose=1
/usr/bin/cc -g -O2 -fdebug-prefix-map=/home/hnu/hnu/robot/gz_robot/src/robot_voice=. -fstack-protector-strong -Wformat -Werror=format-security -Wdate-time -D_FORTIFY_SOURCE=2 -DCMAKE_HAVE_LIBC_PTHREAD    -rdynamic CMakeFiles/cmTC_9372d.dir/src.c.o  -o cmTC_9372d 
/usr/bin/ld: CMakeFiles/cmTC_9372d.dir/src.c.o: in function `main':
./.obj-x86_64-linux-gnu/CMakeFiles/CMakeTmp/./.obj-x86_64-linux-gnu/CMakeFiles/CMakeTmp/src.c:11: undefined reference to `pthread_create'
/usr/bin/ld: ./.obj-x86_64-linux-gnu/CMakeFiles/CMakeTmp/./.obj-x86_64-linux-gnu/CMakeFiles/CMakeTmp/src.c:12: undefined reference to `pthread_detach'
/usr/bin/ld: ./.obj-x86_64-linux-gnu/CMakeFiles/CMakeTmp/./.obj-x86_64-linux-gnu/CMakeFiles/CMakeTmp/src.c:13: undefined reference to `pthread_join'
collect2: error: ld returned 1 exit status
make[3]: *** [CMakeFiles/cmTC_9372d.dir/build.make:87：cmTC_9372d] 错误 1
make[3]: 离开目录“/home/hnu/hnu/robot/gz_robot/src/robot_voice/.obj-x86_64-linux-gnu/CMakeFiles/CMakeTmp”
make[2]: *** [Makefile:121：cmTC_9372d/fast] 错误 2
make[2]: 离开目录“/home/hnu/hnu/robot/gz_robot/src/robot_voice/.obj-x86_64-linux-gnu/CMakeFiles/CMakeTmp”


Source file was:
#include <pthread.h>

void* test_func(void* data)
{
  return data;
}

int main(void)
{
  pthread_t thread;
  pthread_create(&thread, NULL, test_func, NULL);
  pthread_detach(thread);
  pthread_join(thread, NULL);
  pthread_atfork(NULL, NULL, NULL);
  pthread_exit(NULL);

  return 0;
}

Determining if the function pthread_create exists in the pthreads failed with the following output:
Change Dir: /home/hnu/hnu/robot/gz_robot/src/robot_voice/.obj-x86_64-linux-gnu/CMakeFiles/CMakeTmp

Run Build Command(s):/usr/bin/make cmTC_04d15/fast && make[2]: 进入目录“/home/hnu/hnu/robot/gz_robot/src/robot_voice/.obj-x86_64-linux-gnu/CMakeFiles/CMakeTmp”
/usr/bin/make -f CMakeFiles/cmTC_04d15.dir/build.make CMakeFiles/cmTC_04d15.dir/build
make[3]: 进入目录“/home/hnu/hnu/robot/gz_robot/src/robot_voice/.obj-x86_64-linux-gnu/CMakeFiles/CMakeTmp”
Building C object CMakeFiles/cmTC_04d15.dir/CheckFunctionExists.c.o
/usr/bin/cc   -g -O2 -fdebug-prefix-map=/home/hnu/hnu/robot/gz_robot/src/robot_voice=. -fstack-protector-strong -Wformat -Werror=format-security -Wdate-time -D_FORTIFY_SOURCE=2 -DCHECK_FUNCTION_EXISTS=pthread_create   -o CMakeFiles/cmTC_04d15.dir/CheckFunctionExists.c.o   -c /usr/share/cmake-3.16/Modules/CheckFunctionExists.c
Linking C executable cmTC_04d15
/usr/bin/cmake -E cmake_link_script CMakeFiles/cmTC_04d15.dir/link.txt --verbose=1
/usr/bin/cc -g -O2 -fdebug-prefix-map=/home/hnu/hnu/robot/gz_robot/src/robot_voice=. -fstack-protector-strong -Wformat -Werror=format-security -Wdate-time -D_FORTIFY_SOURCE=2 -DCHECK_FUNCTION_EXISTS=pthread_create    -rdynamic CMakeFiles/cmTC_04d15.dir/CheckFunctionExists.c.o  -o cmTC_04d15  -lpthreads 
/usr/bin/ld: 找不到 -lpthreads
collect2: error: ld returned 1 exit status
make[3]: *** [CMakeFiles/cmTC_04d15.dir/build.make:87：cmTC_04d15] 错误 1
make[3]: 离开目录“/home/hnu/hnu/robot/gz_robot/src/robot_voice/.obj-x86_64-linux-gnu/CMakeFiles/CMakeTmp”
make[2]: *** [Makefile:121：cmTC_04d15/fast] 错误 2
make[2]: 离开目录“/home/hnu/hnu/robot/gz_robot/src/robot_voice/.obj-x86_64-linux-gnu/CMakeFiles/CMakeTmp”



